[debug] [2021-07-02T15:44:38.746Z] ----------------------------------------------------------------------
[debug] [2021-07-02T15:44:38.748Z] Command:       /home/rodrigo/.nvm/versions/node/v14.17.0/bin/node /home/rodrigo/.yarn/bin/firebase init hosting:github
[debug] [2021-07-02T15:44:38.749Z] CLI Version:   9.14.0
[debug] [2021-07-02T15:44:38.749Z] Platform:      linux
[debug] [2021-07-02T15:44:38.749Z] Node Version:  v14.17.0
[debug] [2021-07-02T15:44:38.749Z] Time:          Fri Jul 02 2021 12:44:38 GMT-0300 (Brasilia Standard Time)
[debug] [2021-07-02T15:44:38.749Z] ----------------------------------------------------------------------
[debug] 
[debug] [2021-07-02T15:44:38.795Z] > command requires scopes: ["email","openid","https://www.googleapis.com/auth/cloudplatformprojects.readonly","https://www.googleapis.com/auth/firebase","https://www.googleapis.com/auth/cloud-platform"]
[debug] [2021-07-02T15:44:38.795Z] > authorizing via signed-in user (roodrigoooh@gmail.com)
[info] 
     ######## #### ########  ######## ########     ###     ######  ########
     ##        ##  ##     ## ##       ##     ##  ##   ##  ##       ##
     ######    ##  ########  ######   ########  #########  ######  ######
     ##        ##  ##    ##  ##       ##     ## ##     ##       ## ##
     ##       #### ##     ## ######## ########  ##     ##  ######  ########

You're about to initialize a Firebase project in this directory:

  /home/rodrigo/www/letmeask

Before we get started, keep in mind:

  * You are initializing within an existing Firebase project directory

[info] 
=== Project Setup
[info] 
[info] First, let's associate this project directory with a Firebase project.
[info] You can create multiple project aliases by running firebase use --add, 
[info] but for now we'll just set up a default project.
[info] 
[info] i  .firebaserc already has a default project, using letmeask-e1526. 
[debug] [2021-07-02T15:44:38.807Z] > refreshing access token with scopes: []
[debug] [2021-07-02T15:44:38.808Z] >>> HTTP REQUEST POST https://www.googleapis.com/oauth2/v3/token  
 <request body omitted>
[debug] [2021-07-02T15:44:39.147Z] <<< HTTP RESPONSE 200 {"expires":"Mon, 01 Jan 1990 00:00:00 GMT","cache-control":"no-cache, no-store, max-age=0, must-revalidate","pragma":"no-cache","date":"Fri, 02 Jul 2021 15:44:38 GMT","content-type":"application/json; charset=utf-8","vary":"X-Origin, Referer, Origin,Accept-Encoding","server":"scaffolding on HTTPServer2","x-xss-protection":"0","x-frame-options":"SAMEORIGIN","x-content-type-options":"nosniff","alt-svc":"h3=\":443\"; ma=2592000,h3-29=\":443\"; ma=2592000,h3-T051=\":443\"; ma=2592000,h3-Q050=\":443\"; ma=2592000,h3-Q046=\":443\"; ma=2592000,h3-Q043=\":443\"; ma=2592000,quic=\":443\"; ma=2592000; v=\"46,43\"","accept-ranges":"none","transfer-encoding":"chunked"}
[debug] [2021-07-02T15:44:39.299Z] >>> [apiv2][query] GET https://firebase.googleapis.com/v1beta1/projects/letmeask-e1526 [none]
[debug] [2021-07-02T15:44:40.420Z] <<< [apiv2][status] GET https://firebase.googleapis.com/v1beta1/projects/letmeask-e1526 200
[debug] [2021-07-02T15:44:40.421Z] <<< [apiv2][body] GET https://firebase.googleapis.com/v1beta1/projects/letmeask-e1526 {"projectId":"letmeask-e1526","projectNumber":"719276961702","displayName":"letmeask","name":"projects/letmeask-e1526","resources":{"hostingSite":"letmeask-e1526","realtimeDatabaseInstance":"letmeask-e1526-default-rtdb"},"state":"ACTIVE"}
[info] 
=== Hosting:github Setup
[info] 
[info] i  Detected a .git folder at /home/rodrigo/www/letmeask 
[info] i  Authorizing with GitHub to upload your service account to a GitHub repository's secrets store. 
[info] 
[info] Visit this URL on this device to log in:
[info] https://github.com/login/oauth/authorize?client_id=89cf50f02ac6aaed3484&state=161210124&redirect_uri=http%3A%2F%2Flocalhost%3A9005&scope=read%3Auser%20repo%20public_repo
[info] 
[info] Waiting for authentication...
[debug] [2021-07-02T15:45:18.954Z] >>> HTTP REQUEST POST https://github.com/login/oauth/access_token  
 {"client_id":"89cf50f02ac6aaed3484","client_secret":"3330d14abc895d9a74d5f17cd7a00711fa2c5bf0","code":"6b60826008b7e26864d2","redirect_uri":"http://localhost:9005","state":"161210124"}
[debug] [2021-07-02T15:45:19.538Z] <<< HTTP RESPONSE 200 {"server":"GitHub.com","date":"Fri, 02 Jul 2021 15:45:19 GMT","content-type":"application/json; charset=utf-8","transfer-encoding":"chunked","vary":"X-PJAX, Accept-Encoding, Accept, X-Requested-With","permissions-policy":"interest-cohort=()","etag":"W/\"1bfeb9affbefc478b0fc610c8e196784\"","cache-control":"max-age=0, private, must-revalidate","strict-transport-security":"max-age=31536000; includeSubdomains; preload","x-frame-options":"deny","x-content-type-options":"nosniff","x-xss-protection":"0","referrer-policy":"origin-when-cross-origin, strict-origin-when-cross-origin","expect-ct":"max-age=2592000, report-uri=\"https://api.github.com/_private/browser/errors\"","content-security-policy":"default-src 'none'; base-uri 'self'; block-all-mixed-content; connect-src 'self' uploads.github.com www.githubstatus.com collector.githubapp.com api.github.com github-cloud.s3.amazonaws.com github-production-repository-file-5c1aeb.s3.amazonaws.com github-production-upload-manifest-file-7fdce7.s3.amazonaws.com github-production-user-asset-6210df.s3.amazonaws.com cdn.optimizely.com logx.optimizely.com/v1/events translator.github.com wss://alive.github.com; font-src github.githubassets.com; form-action 'self' github.com gist.github.com; frame-ancestors 'none'; frame-src render.githubusercontent.com render-temp.githubusercontent.com viewscreen.githubusercontent.com; img-src 'self' data: github.githubassets.com identicons.github.com collector.githubapp.com github-cloud.s3.amazonaws.com secured-user-images.githubusercontent.com/ *.githubusercontent.com; manifest-src 'self'; media-src 'none'; script-src github.githubassets.com; style-src 'unsafe-inline' github.githubassets.com; worker-src github.com/socket-worker-3f088aa2.js gist.github.com/socket-worker-3f088aa2.js","x-github-request-id":"1C16:3AAB:575522:96E314:60DF348E"}
[debug] [2021-07-02T15:45:19.553Z] >>> [apiv2][query] GET https://api.github.com/user [none]
[debug] [2021-07-02T15:45:20.146Z] <<< [apiv2][status] GET https://api.github.com/user 200
[debug] [2021-07-02T15:45:20.147Z] <<< [apiv2][body] GET https://api.github.com/user {"login":"orodrigoh","id":61759909,"node_id":"MDQ6VXNlcjYxNzU5OTA5","avatar_url":"https://avatars.githubusercontent.com/u/61759909?v=4","gravatar_id":"","url":"https://api.github.com/users/orodrigoh","html_url":"https://github.com/orodrigoh","followers_url":"https://api.github.com/users/orodrigoh/followers","following_url":"https://api.github.com/users/orodrigoh/following{/other_user}","gists_url":"https://api.github.com/users/orodrigoh/gists{/gist_id}","starred_url":"https://api.github.com/users/orodrigoh/starred{/owner}{/repo}","subscriptions_url":"https://api.github.com/users/orodrigoh/subscriptions","organizations_url":"https://api.github.com/users/orodrigoh/orgs","repos_url":"https://api.github.com/users/orodrigoh/repos","events_url":"https://api.github.com/users/orodrigoh/events{/privacy}","received_events_url":"https://api.github.com/users/orodrigoh/received_events","type":"User","site_admin":false,"name":"Rodrigo Henrique ","company":null,"blog":"","location":null,"email":null,"hireable":null,"bio":null,"twitter_username":null,"public_repos":5,"public_gists":0,"followers":1,"following":1,"created_at":"2020-03-03T20:57:16Z","updated_at":"2021-07-01T19:38:20Z","private_gists":0,"total_private_repos":0,"owned_private_repos":0,"disk_usage":4126,"collaborators":0,"two_factor_authentication":false,"plan":{"name":"free","space":976562499,"collaborators":0,"private_repos":10000}}
[info] 
[info] ✔  Success! Logged into GitHub as orodrigoh 
[info] 
